# JRE version: OpenJDK Runtime Environment Temurin-17.0.1+12 (17.0.1+12) (build 17.0.1+12)
# Java VM: OpenJDK 64-Bit Server VM Temurin-17.0.1+12 (17.0.1+12, mixed mode, sharing, tiered, compressed oops, compressed class ptrs, g1 gc, windows-amd64)
GC Precious Log:
 CPUs: 4 total, 4 available
 Memory: 3550M
 Large Page Support: Disabled
 NUMA Support: Disabled
 Compressed Oops: Enabled (32-bit)
 Heap Region Size: 1M
 Heap Min Capacity: 8M
 Heap Initial Capacity: 56M
 Heap Max Capacity: 2G
 Pre-touch: Disabled
 Parallel Workers: 4
 Concurrent Workers: 1
 Concurrent Refinement Workers: 4
 Periodic GC: Disabled
Heap:
 garbage-first heap   total 403456K, used 200365K [0x0000000080000000, 0x0000000100000000)
  region size 1024K, 2 young (2048K), 2 survivors (2048K)
 Metaspace       used 94767K, committed 95552K, reserved 1138688K
  class space    used 12326K, committed 12672K, reserved 1048576K
GC Heap History (20 events):
Event: 606.910 GC heap after
{Heap after GC invocations=84 (full 0):
 garbage-first heap   total 299008K, used 180328K [0x0000000080000000, 0x0000000100000000)
  region size 1024K, 1 young (1024K), 1 survivors (1024K)
 Metaspace       used 85744K, committed 86400K, reserved 1130496K
  class space    used 11194K, committed 11520K, reserved 1048576K
}
Event: 615.919 GC heap before
{Heap before GC invocations=84 (full 0):
 garbage-first heap   total 299008K, used 247912K [0x0000000080000000, 0x0000000100000000)
  region size 1024K, 68 young (69632K), 1 survivors (1024K)
 Metaspace       used 92480K, committed 93184K, reserved 1130496K
  class space    used 12157K, committed 12480K, reserved 1048576K
}
Event: 615.973 GC heap after
{Heap after GC invocations=85 (full 0):
 garbage-first heap   total 299008K, used 184210K [0x0000000080000000, 0x0000000100000000)
  region size 1024K, 5 young (5120K), 5 survivors (5120K)
 Metaspace       used 92480K, committed 93184K, reserved 1130496K
  class space    used 12157K, committed 12480K, reserved 1048576K
}
Event: 624.012 GC heap before
{Heap before GC invocations=86 (full 0):
 garbage-first heap   total 329728K, used 251794K [0x0000000080000000, 0x0000000100000000)
  region size 1024K, 71 young (72704K), 5 survivors (5120K)
 Metaspace       used 93718K, committed 94464K, reserved 1138688K
  class space    used 12262K, committed 12608K, reserved 1048576K
}
Event: 624.049 GC heap after
{Heap after GC invocations=87 (full 0):
 garbage-first heap   total 329728K, used 190775K [0x0000000080000000, 0x0000000100000000)
  region size 1024K, 7 young (7168K), 7 survivors (7168K)
 Metaspace       used 93718K, committed 94464K, reserved 1138688K
  class space    used 12262K, committed 12608K, reserved 1048576K
}
Event: 624.246 GC heap before
{Heap before GC invocations=87 (full 0):
 garbage-first heap   total 329728K, used 199991K [0x0000000080000000, 0x0000000100000000)
  region size 1024K, 16 young (16384K), 7 survivors (7168K)
 Metaspace       used 93756K, committed 94528K, reserved 1138688K
  class space    used 12262K, committed 12608K, reserved 1048576K
}
Event: 624.266 GC heap after
{Heap after GC invocations=88 (full 0):
 garbage-first heap   total 329728K, used 190464K [0x0000000080000000, 0x0000000100000000)
  region size 1024K, 1 young (1024K), 1 survivors (1024K)
 Metaspace       used 93756K, committed 94528K, reserved 1138688K
  class space    used 12262K, committed 12608K, reserved 1048576K
}
Event: 628.400 GC heap before
{Heap before GC invocations=88 (full 0):
 garbage-first heap   total 329728K, used 267264K [0x0000000080000000, 0x0000000100000000)
  region size 1024K, 78 young (79872K), 1 survivors (1024K)
 Metaspace       used 93918K, committed 94656K, reserved 1138688K
  class space    used 12267K, committed 12608K, reserved 1048576K
}
Event: 628.410 GC heap after
{Heap after GC invocations=89 (full 0):
 garbage-first heap   total 329728K, used 192918K [0x0000000080000000, 0x0000000100000000)
  region size 1024K, 4 young (4096K), 4 survivors (4096K)
 Metaspace       used 93918K, committed 94656K, reserved 1138688K
  class space    used 12267K, committed 12608K, reserved 1048576K
}
Event: 635.969 GC heap before
{Heap before GC invocations=90 (full 0):
 garbage-first heap   total 355328K, used 278934K [0x0000000080000000, 0x0000000100000000)
  region size 1024K, 88 young (90112K), 4 survivors (4096K)
 Metaspace       used 93978K, committed 94720K, reserved 1138688K
  class space    used 12269K, committed 12608K, reserved 1048576K
}
Event: 635.978 GC heap after
{Heap after GC invocations=91 (full 0):
 garbage-first heap   total 355328K, used 193679K [0x0000000080000000, 0x0000000100000000)
  region size 1024K, 5 young (5120K), 5 survivors (5120K)
 Metaspace       used 93978K, committed 94720K, reserved 1138688K
  class space    used 12269K, committed 12608K, reserved 1048576K
}
Event: 636.771 GC heap before
{Heap before GC invocations=91 (full 0):
 garbage-first heap   total 355328K, used 204943K [0x0000000080000000, 0x0000000100000000)
  region size 1024K, 17 young (17408K), 5 survivors (5120K)
 Metaspace       used 94049K, committed 94720K, reserved 1138688K
  class space    used 12271K, committed 12608K, reserved 1048576K
}
Event: 636.794 GC heap after
{Heap after GC invocations=92 (full 0):
 garbage-first heap   total 355328K, used 191652K [0x0000000080000000, 0x0000000100000000)
  region size 1024K, 2 young (2048K), 2 survivors (2048K)
 Metaspace       used 94049K, committed 94720K, reserved 1138688K
  class space    used 12271K, committed 12608K, reserved 1048576K
}
Event: 639.968 GC heap before
{Heap before GC invocations=92 (full 0):
 garbage-first heap   total 355328K, used 270500K [0x0000000080000000, 0x0000000100000000)
  region size 1024K, 81 young (82944K), 2 survivors (2048K)
 Metaspace       used 94705K, committed 95424K, reserved 1138688K
  class space    used 12326K, committed 12672K, reserved 1048576K
}
Event: 639.980 GC heap after
{Heap after GC invocations=93 (full 0):
 garbage-first heap   total 355328K, used 193925K [0x0000000080000000, 0x0000000100000000)
  region size 1024K, 4 young (4096K), 4 survivors (4096K)
 Metaspace       used 94705K, committed 95424K, reserved 1138688K
  class space    used 12326K, committed 12672K, reserved 1048576K
}
Event: 640.737 GC heap before
{Heap before GC invocations=94 (full 0):
 garbage-first heap   total 403456K, used 300421K [0x0000000080000000, 0x0000000100000000)
  region size 1024K, 106 young (108544K), 4 survivors (4096K)
 Metaspace       used 94719K, committed 95424K, reserved 1138688K
  class space    used 12326K, committed 12672K, reserved 1048576K
}
Event: 640.752 GC heap after
{Heap after GC invocations=95 (full 0):
 garbage-first heap   total 403456K, used 201286K [0x0000000080000000, 0x0000000100000000)
  region size 1024K, 11 young (11264K), 11 survivors (11264K)
 Metaspace       used 94719K, committed 95424K, reserved 1138688K
  class space    used 12326K, committed 12672K, reserved 1048576K
}
Event: 640.775 GC heap before
{Heap before GC invocations=95 (full 0):
 garbage-first heap   total 403456K, used 209478K [0x0000000080000000, 0x0000000100000000)
  region size 1024K, 19 young (19456K), 11 survivors (11264K)
 Metaspace       used 94719K, committed 95424K, reserved 1138688K
  class space    used 12326K, committed 12672K, reserved 1048576K
}
Event: 640.871 GC heap after
{Heap after GC invocations=96 (full 0):
 garbage-first heap   total 403456K, used 200087K [0x0000000080000000, 0x0000000100000000)
  region size 1024K, 2 young (2048K), 2 survivors (2048K)
 Metaspace       used 94719K, committed 95424K, reserved 1138688K
  class space    used 12326K, committed 12672K, reserved 1048576K
}
Event: 642.150 GC heap before
{Heap before GC invocations=96 (full 0):
 garbage-first heap   total 403456K, used 330135K [0x0000000080000000, 0x0000000100000000)
  region size 1024K, 129 young (132096K), 2 survivors (2048K)
 Metaspace       used 94767K, committed 95552K, reserved 1138688K
  class space    used 12326K, committed 12672K, reserved 1048576K
}

