# JRE version: OpenJDK Runtime Environment Temurin-17.0.1+12 (17.0.1+12) (build 17.0.1+12)
# Java VM: OpenJDK 64-Bit Server VM Temurin-17.0.1+12 (17.0.1+12, mixed mode, sharing, tiered, compressed oops, compressed class ptrs, g1 gc, windows-amd64)
GC Precious Log:
 CPUs: 4 total, 4 available
 Memory: 3550M
 Large Page Support: Disabled
 NUMA Support: Disabled
 Compressed Oops: Enabled (32-bit)
 Heap Region Size: 1M
 Heap Min Capacity: 8M
 Heap Initial Capacity: 56M
 Heap Max Capacity: 2G
 Pre-touch: Disabled
 Parallel Workers: 4
 Concurrent Workers: 1
 Concurrent Refinement Workers: 4
 Periodic GC: Disabled
Heap:
 garbage-first heap   total 57344K, used 24982K [0x0000000080000000, 0x0000000100000000)
  region size 1024K, 10 young (10240K), 2 survivors (2048K)
 Metaspace       used 13436K, committed 13632K, reserved 1064960K
  class space    used 1902K, committed 1984K, reserved 1048576K
GC Heap History (10 events):
Event: 2.572 GC heap before
{Heap before GC invocations=0 (full 0):
 garbage-first heap   total 57344K, used 15360K [0x0000000080000000, 0x0000000100000000)
  region size 1024K, 13 young (13312K), 0 survivors (0K)
 Metaspace       used 966K, committed 1088K, reserved 1056768K
  class space    used 74K, committed 128K, reserved 1048576K
}
Event: 2.590 GC heap after
{Heap after GC invocations=1 (full 0):
 garbage-first heap   total 57344K, used 4040K [0x0000000080000000, 0x0000000100000000)
  region size 1024K, 2 young (2048K), 2 survivors (2048K)
 Metaspace       used 966K, committed 1088K, reserved 1056768K
  class space    used 74K, committed 128K, reserved 1048576K
}
Event: 4.931 GC heap before
{Heap before GC invocations=1 (full 0):
 garbage-first heap   total 57344K, used 20424K [0x0000000080000000, 0x0000000100000000)
  region size 1024K, 16 young (16384K), 2 survivors (2048K)
 Metaspace       used 3666K, committed 3840K, reserved 1056768K
  class space    used 461K, committed 576K, reserved 1048576K
}
Event: 4.941 GC heap after
{Heap after GC invocations=2 (full 0):
 garbage-first heap   total 57344K, used 9316K [0x0000000080000000, 0x0000000100000000)
  region size 1024K, 2 young (2048K), 2 survivors (2048K)
 Metaspace       used 3666K, committed 3840K, reserved 1056768K
  class space    used 461K, committed 576K, reserved 1048576K
}
Event: 5.956 GC heap before
{Heap before GC invocations=2 (full 0):
 garbage-first heap   total 57344K, used 26724K [0x0000000080000000, 0x0000000100000000)
  region size 1024K, 19 young (19456K), 2 survivors (2048K)
 Metaspace       used 3851K, committed 4032K, reserved 1056768K
  class space    used 475K, committed 576K, reserved 1048576K
}
Event: 5.962 GC heap after
{Heap after GC invocations=3 (full 0):
 garbage-first heap   total 57344K, used 9580K [0x0000000080000000, 0x0000000100000000)
  region size 1024K, 1 young (1024K), 1 survivors (1024K)
 Metaspace       used 3851K, committed 4032K, reserved 1056768K
  class space    used 475K, committed 576K, reserved 1048576K
}
Event: 14.641 GC heap before
{Heap before GC invocations=3 (full 0):
 garbage-first heap   total 57344K, used 39276K [0x0000000080000000, 0x0000000100000000)
  region size 1024K, 30 young (30720K), 1 survivors (1024K)
 Metaspace       used 7424K, committed 7680K, reserved 1056768K
  class space    used 1004K, committed 1152K, reserved 1048576K
}
Event: 14.656 GC heap after
{Heap after GC invocations=4 (full 0):
 garbage-first heap   total 57344K, used 15419K [0x0000000080000000, 0x0000000100000000)
  region size 1024K, 4 young (4096K), 4 survivors (4096K)
 Metaspace       used 7424K, committed 7680K, reserved 1056768K
  class space    used 1004K, committed 1152K, reserved 1048576K
}
Event: 16.948 GC heap before
{Heap before GC invocations=4 (full 0):
 garbage-first heap   total 57344K, used 34875K [0x0000000080000000, 0x0000000100000000)
  region size 1024K, 23 young (23552K), 4 survivors (4096K)
 Metaspace       used 11885K, committed 12160K, reserved 1064960K
  class space    used 1678K, committed 1792K, reserved 1048576K
}
Event: 16.961 GC heap after
{Heap after GC invocations=5 (full 0):
 garbage-first heap   total 57344K, used 17814K [0x0000000080000000, 0x0000000100000000)
  region size 1024K, 2 young (2048K), 2 survivors (2048K)
 Metaspace       used 11885K, committed 12160K, reserved 1064960K
  class space    used 1678K, committed 1792K, reserved 1048576K
}

